<?xml version="1.0" encoding="UTF-8"?>
<coverage generated="1740404520601" clover="3.2.0">
  <project timestamp="1740404520601" name="All files">
    <metrics statements="35" coveredstatements="34" conditionals="16" coveredconditionals="13" methods="10" coveredmethods="9" elements="61" coveredelements="56" complexity="0" loc="35" ncloc="35" packages="3" files="5" classes="5"/>
    <package name="payforlegalaid-ui">
      <metrics statements="2" coveredstatements="2" conditionals="8" coveredconditionals="5" methods="0" coveredmethods="0"/>
      <file name="config.js" path="/Users/barry.nesbeth/Repos/payforlegalaid-ui/config.js">
        <metrics statements="2" coveredstatements="2" conditionals="8" coveredconditionals="5" methods="0" coveredmethods="0"/>
        <line num="2" count="1" type="stmt"/>
        <line num="5" count="1" type="stmt"/>
      </file>
    </package>
    <package name="payforlegalaid-ui.src.middleware">
      <metrics statements="26" coveredstatements="25" conditionals="6" coveredconditionals="6" methods="7" coveredmethods="6"/>
      <file name="axiosSetup.js" path="/Users/barry.nesbeth/Repos/payforlegalaid-ui/src/middleware/axiosSetup.js">
        <metrics statements="6" coveredstatements="6" conditionals="0" coveredconditionals="0" methods="1" coveredmethods="1"/>
        <line num="11" count="1" type="stmt"/>
        <line num="12" count="1" type="stmt"/>
        <line num="13" count="1" type="stmt"/>
        <line num="14" count="1" type="stmt"/>
        <line num="17" count="1" type="stmt"/>
        <line num="26" count="1" type="stmt"/>
      </file>
      <file name="csrfMiddleWare.js" path="/Users/barry.nesbeth/Repos/payforlegalaid-ui/src/middleware/csrfMiddleWare.js">
        <metrics statements="17" coveredstatements="17" conditionals="6" coveredconditionals="6" methods="4" coveredmethods="4"/>
        <line num="9" count="1" type="stmt"/>
        <line num="16" count="2" type="stmt"/>
        <line num="29" count="1" type="stmt"/>
        <line num="30" count="2" type="cond" truecount="2" falsecount="0"/>
        <line num="31" count="2" type="stmt"/>
        <line num="34" count="2" type="stmt"/>
        <line num="37" count="2" type="stmt"/>
        <line num="43" count="2" type="stmt"/>
        <line num="46" count="2" type="stmt"/>
        <line num="51" count="2" type="stmt"/>
        <line num="65" count="1" type="stmt"/>
        <line num="66" count="3" type="stmt"/>
        <line num="67" count="3" type="stmt"/>
        <line num="70" count="3" type="cond" truecount="4" falsecount="0"/>
        <line num="71" count="2" type="stmt"/>
        <line num="72" count="2" type="stmt"/>
        <line num="75" count="1" type="stmt"/>
      </file>
      <file name="helmetSetup.js" path="/Users/barry.nesbeth/Repos/payforlegalaid-ui/src/middleware/helmetSetup.js">
        <metrics statements="3" coveredstatements="2" conditionals="0" coveredconditionals="0" methods="2" coveredmethods="1"/>
        <line num="10" count="1" type="stmt"/>
        <line num="11" count="1" type="stmt"/>
        <line num="24" count="0" type="stmt"/>
      </file>
    </package>
    <package name="payforlegalaid-ui.src.utils">
      <metrics statements="7" coveredstatements="7" conditionals="2" coveredconditionals="2" methods="3" coveredmethods="3"/>
      <file name="buildHelper.js" path="/Users/barry.nesbeth/Repos/payforlegalaid-ui/src/utils/buildHelper.js">
        <metrics statements="7" coveredstatements="7" conditionals="2" coveredconditionals="2" methods="3" coveredmethods="3"/>
        <line num="8" count="1" type="stmt"/>
        <line num="9" count="1" type="stmt"/>
        <line num="19" count="1" type="stmt"/>
        <line num="20" count="2" type="stmt"/>
        <line num="21" count="2" type="stmt"/>
        <line num="22" count="8" type="stmt"/>
        <line num="23" count="2" type="cond" truecount="2" falsecount="0"/>
      </file>
    </package>
  </project>
</coverage>
