{"/Users/barry.nesbeth/Repos/payforlegalaid-ui/config.js": {"path":"/Users/barry.nesbeth/Repos/payforlegalaid-ui/config.js","statementMap":{"0":{"start":{"line":2,"column":0},"end":{"line":2,"column":16}},"1":{"start":{"line":5,"column":15},"end":{"line":24,"column":1}}},"fnMap":{},"branchMap":{"0":{"loc":{"start":{"line":6,"column":18},"end":{"line":6,"column":51}},"type":"binary-expr","locations":[{"start":{"line":6,"column":18},"end":{"line":6,"column":44}},{"start":{"line":6,"column":48},"end":{"line":6,"column":51}}],"line":6},"1":{"loc":{"start":{"line":7,"column":18},"end":{"line":7,"column":76}},"type":"binary-expr","locations":[{"start":{"line":7,"column":18},"end":{"line":7,"column":58}},{"start":{"line":7,"column":62},"end":{"line":7,"column":76}}],"line":7},"2":{"loc":{"start":{"line":12,"column":10},"end":{"line":12,"column":34}},"type":"binary-expr","locations":[{"start":{"line":12,"column":10},"end":{"line":12,"column":26}},{"start":{"line":12,"column":30},"end":{"line":12,"column":34}}],"line":12},"3":{"loc":{"start":{"line":13,"column":17},"end":{"line":13,"column":54}},"type":"binary-expr","locations":[{"start":{"line":13,"column":17},"end":{"line":13,"column":37}},{"start":{"line":13,"column":41},"end":{"line":13,"column":54}}],"line":13}},"s":{"0":1,"1":1},"f":{},"b":{"0":[1,0],"1":[1,0],"2":[1,1],"3":[1,0]},"_coverageSchema":"1a1c01bbd47fc00a2c39e90264f33305004495a9","hash":"2d515cef4e5af26efa8327a8e56bd20006892b6d"}
,"/Users/barry.nesbeth/Repos/payforlegalaid-ui/src/middleware/axiosSetup.js": {"path":"/Users/barry.nesbeth/Repos/payforlegalaid-ui/src/middleware/axiosSetup.js","statementMap":{"0":{"start":{"line":11,"column":31},"end":{"line":27,"column":1}},"1":{"start":{"line":12,"column":19},"end":{"line":12,"column":31}},"2":{"start":{"line":13,"column":15},"end":{"line":13,"column":30}},"3":{"start":{"line":14,"column":18},"end":{"line":14,"column":41}},"4":{"start":{"line":17,"column":2},"end":{"line":25,"column":5}},"5":{"start":{"line":26,"column":2},"end":{"line":26,"column":9}}},"fnMap":{"0":{"name":"(anonymous_0)","decl":{"start":{"line":11,"column":31},"end":{"line":11,"column":32}},"loc":{"start":{"line":11,"column":51},"end":{"line":27,"column":1}},"line":11}},"branchMap":{},"s":{"0":1,"1":1,"2":1,"3":1,"4":1,"5":1},"f":{"0":1},"b":{},"_coverageSchema":"1a1c01bbd47fc00a2c39e90264f33305004495a9","hash":"971fffd7e24639eb85b4c551ca9400c9bcda352f"}
,"/Users/barry.nesbeth/Repos/payforlegalaid-ui/src/middleware/csrfMiddleWare.js": {"path":"/Users/barry.nesbeth/Repos/payforlegalaid-ui/src/middleware/csrfMiddleWare.js","statementMap":{"0":{"start":{"line":9,"column":26},"end":{"line":9,"column":70}},"1":{"start":{"line":9,"column":32},"end":{"line":9,"column":70}},"2":{"start":{"line":16,"column":27},"end":{"line":16,"column":74}},"3":{"start":{"line":16,"column":33},"end":{"line":16,"column":74}},"4":{"start":{"line":29,"column":30},"end":{"line":52,"column":1}},"5":{"start":{"line":30,"column":20},"end":{"line":30,"column":78}},"6":{"start":{"line":31,"column":21},"end":{"line":31,"column":41}},"7":{"start":{"line":34,"column":2},"end":{"line":34,"column":35}},"8":{"start":{"line":37,"column":2},"end":{"line":40,"column":5}},"9":{"start":{"line":43,"column":2},"end":{"line":43,"column":35}},"10":{"start":{"line":46,"column":2},"end":{"line":49,"column":4}},"11":{"start":{"line":51,"column":2},"end":{"line":51,"column":9}},"12":{"start":{"line":65,"column":28},"end":{"line":76,"column":1}},"13":{"start":{"line":66,"column":28},"end":{"line":66,"column":42}},"14":{"start":{"line":67,"column":30},"end":{"line":67,"column":65}},"15":{"start":{"line":70,"column":2},"end":{"line":73,"column":3}},"16":{"start":{"line":71,"column":4},"end":{"line":71,"column":47}},"17":{"start":{"line":72,"column":4},"end":{"line":72,"column":11}},"18":{"start":{"line":75,"column":2},"end":{"line":75,"column":9}}},"fnMap":{"0":{"name":"(anonymous_0)","decl":{"start":{"line":9,"column":26},"end":{"line":9,"column":27}},"loc":{"start":{"line":9,"column":32},"end":{"line":9,"column":70}},"line":9},"1":{"name":"(anonymous_1)","decl":{"start":{"line":16,"column":27},"end":{"line":16,"column":28}},"loc":{"start":{"line":16,"column":33},"end":{"line":16,"column":74}},"line":16},"2":{"name":"(anonymous_2)","decl":{"start":{"line":29,"column":30},"end":{"line":29,"column":31}},"loc":{"start":{"line":29,"column":50},"end":{"line":52,"column":1}},"line":29},"3":{"name":"(anonymous_3)","decl":{"start":{"line":65,"column":28},"end":{"line":65,"column":29}},"loc":{"start":{"line":65,"column":48},"end":{"line":76,"column":1}},"line":65}},"branchMap":{"0":{"loc":{"start":{"line":30,"column":20},"end":{"line":30,"column":78}},"type":"binary-expr","locations":[{"start":{"line":30,"column":20},"end":{"line":30,"column":55}},{"start":{"line":30,"column":59},"end":{"line":30,"column":78}}],"line":30},"1":{"loc":{"start":{"line":70,"column":2},"end":{"line":73,"column":3}},"type":"if","locations":[{"start":{"line":70,"column":2},"end":{"line":73,"column":3}},{"start":{},"end":{}}],"line":70},"2":{"loc":{"start":{"line":70,"column":6},"end":{"line":70,"column":69}},"type":"binary-expr","locations":[{"start":{"line":70,"column":6},"end":{"line":70,"column":24}},{"start":{"line":70,"column":28},"end":{"line":70,"column":69}}],"line":70}},"s":{"0":1,"1":1,"2":1,"3":2,"4":1,"5":2,"6":2,"7":2,"8":2,"9":2,"10":2,"11":2,"12":1,"13":3,"14":3,"15":3,"16":2,"17":2,"18":1},"f":{"0":1,"1":2,"2":2,"3":3},"b":{"0":[2,1],"1":[2,1],"2":[3,2]},"_coverageSchema":"1a1c01bbd47fc00a2c39e90264f33305004495a9","hash":"d31f227b485a612ff827e498b55e2dddfb47f6d1"}
,"/Users/barry.nesbeth/Repos/payforlegalaid-ui/src/middleware/helmetSetup.js": {"path":"/Users/barry.nesbeth/Repos/payforlegalaid-ui/src/middleware/helmetSetup.js","statementMap":{"0":{"start":{"line":10,"column":27},"end":{"line":30,"column":1}},"1":{"start":{"line":11,"column":2},"end":{"line":29,"column":7}},"2":{"start":{"line":24,"column":22},"end":{"line":24,"column":54}}},"fnMap":{"0":{"name":"(anonymous_0)","decl":{"start":{"line":10,"column":27},"end":{"line":10,"column":28}},"loc":{"start":{"line":10,"column":36},"end":{"line":30,"column":1}},"line":10},"1":{"name":"(anonymous_1)","decl":{"start":{"line":24,"column":8},"end":{"line":24,"column":9}},"loc":{"start":{"line":24,"column":22},"end":{"line":24,"column":54}},"line":24}},"branchMap":{},"s":{"0":1,"1":1,"2":0},"f":{"0":1,"1":0},"b":{},"_coverageSchema":"1a1c01bbd47fc00a2c39e90264f33305004495a9","hash":"935cef155d6569f369b064e6692af7b9b484592b"}
,"/Users/barry.nesbeth/Repos/payforlegalaid-ui/src/utils/buildHelper.js": {"path":"/Users/barry.nesbeth/Repos/payforlegalaid-ui/src/utils/buildHelper.js","statementMap":{"0":{"start":{"line":8,"column":30},"end":{"line":10,"column":1}},"1":{"start":{"line":9,"column":2},"end":{"line":9,"column":54}},"2":{"start":{"line":19,"column":34},"end":{"line":24,"column":1}},"3":{"start":{"line":20,"column":16},"end":{"line":20,"column":41}},"4":{"start":{"line":21,"column":18},"end":{"line":21,"column":65}},"5":{"start":{"line":22,"column":24},"end":{"line":22,"column":64}},"6":{"start":{"line":22,"column":45},"end":{"line":22,"column":63}},"7":{"start":{"line":23,"column":2},"end":{"line":23,"column":58}}},"fnMap":{"0":{"name":"(anonymous_0)","decl":{"start":{"line":8,"column":30},"end":{"line":8,"column":31}},"loc":{"start":{"line":8,"column":36},"end":{"line":10,"column":1}},"line":8},"1":{"name":"(anonymous_1)","decl":{"start":{"line":19,"column":34},"end":{"line":19,"column":35}},"loc":{"start":{"line":19,"column":68},"end":{"line":24,"column":1}},"line":19},"2":{"name":"(anonymous_2)","decl":{"start":{"line":22,"column":37},"end":{"line":22,"column":38}},"loc":{"start":{"line":22,"column":45},"end":{"line":22,"column":63}},"line":22}},"branchMap":{"0":{"loc":{"start":{"line":23,"column":9},"end":{"line":23,"column":57}},"type":"cond-expr","locations":[{"start":{"line":23,"column":36},"end":{"line":23,"column":52}},{"start":{"line":23,"column":55},"end":{"line":23,"column":57}}],"line":23}},"s":{"0":1,"1":1,"2":1,"3":2,"4":2,"5":2,"6":8,"7":2},"f":{"0":1,"1":2,"2":8},"b":{"0":[1,1]},"_coverageSchema":"1a1c01bbd47fc00a2c39e90264f33305004495a9","hash":"d0e486bdc8518b49bf19d80f56c216de14ed1331"}
}
