TN:
SF:config.js
FNF:0
FNH:0
DA:2,1
DA:5,1
LF:2
LH:2
BRDA:6,0,0,1
BRDA:6,0,1,0
BRDA:7,1,0,1
BRDA:7,1,1,0
BRDA:12,2,0,1
BRDA:12,2,1,1
BRDA:13,3,0,1
BRDA:13,3,1,0
BRF:8
BRH:5
end_of_record
TN:
SF:src/middleware/axiosSetup.js
FN:11,(anonymous_0)
FNF:1
FNH:1
FNDA:1,(anonymous_0)
DA:11,1
DA:12,1
DA:13,1
DA:14,1
DA:17,1
DA:26,1
LF:6
LH:6
BRF:0
BRH:0
end_of_record
TN:
SF:src/middleware/csrfMiddleWare.js
FN:9,(anonymous_0)
FN:16,(anonymous_1)
FN:29,(anonymous_2)
FN:65,(anonymous_3)
FNF:4
FNH:4
FNDA:1,(anonymous_0)
FNDA:2,(anonymous_1)
FNDA:2,(anonymous_2)
FNDA:3,(anonymous_3)
DA:9,1
DA:16,2
DA:29,1
DA:30,2
DA:31,2
DA:34,2
DA:37,2
DA:43,2
DA:46,2
DA:51,2
DA:65,1
DA:66,3
DA:67,3
DA:70,3
DA:71,2
DA:72,2
DA:75,1
LF:17
LH:17
BRDA:30,0,0,2
BRDA:30,0,1,1
BRDA:70,1,0,2
BRDA:70,1,1,1
BRDA:70,2,0,3
BRDA:70,2,1,2
BRF:6
BRH:6
end_of_record
TN:
SF:src/middleware/helmetSetup.js
FN:10,(anonymous_0)
FN:24,(anonymous_1)
FNF:2
FNH:1
FNDA:1,(anonymous_0)
FNDA:0,(anonymous_1)
DA:10,1
DA:11,1
DA:24,0
LF:3
LH:2
BRF:0
BRH:0
end_of_record
TN:
SF:src/utils/buildHelper.js
FN:8,(anonymous_0)
FN:19,(anonymous_1)
FN:22,(anonymous_2)
FNF:3
FNH:3
FNDA:1,(anonymous_0)
FNDA:2,(anonymous_1)
FNDA:8,(anonymous_2)
DA:8,1
DA:9,1
DA:19,1
DA:20,2
DA:21,2
DA:22,8
DA:23,2
LF:7
LH:7
BRDA:23,0,0,1
BRDA:23,0,1,1
BRF:2
BRH:2
end_of_record
